  ProvaUm.cpp
C:\Users\FLP_F\source\repos\ProvaUm\ProvaUm\ProvaUm.cpp(13,5): error C2065: 'string': undeclared identifier
C:\Users\FLP_F\source\repos\ProvaUm\ProvaUm\ProvaUm.cpp(13,12): error C2146: syntax error: missing ';' before identifier 'matricula'
C:\Users\FLP_F\source\repos\ProvaUm\ProvaUm\ProvaUm.cpp(13,12): error C2065: 'matricula': undeclared identifier
C:\Users\FLP_F\source\repos\ProvaUm\ProvaUm\ProvaUm.cpp(17,17): error C2065: 'cin': undeclared identifier
C:\Users\FLP_F\source\repos\ProvaUm\ProvaUm\ProvaUm.cpp(17,22): error C2065: 'matricula': undeclared identifier
C:\Users\FLP_F\source\repos\ProvaUm\ProvaUm\ProvaUm.cpp(17,9): error C3861: 'getline': identifier not found
C:\Users\FLP_F\source\repos\ProvaUm\ProvaUm\ProvaUm.cpp(18,13): error C2065: 'matricula': undeclared identifier
C:\Users\FLP_F\source\repos\ProvaUm\ProvaUm\ProvaUm.cpp(21,12): error C2065: 'matricula': undeclared identifier
C:\Users\FLP_F\source\repos\ProvaUm\ProvaUm\ProvaUm.cpp(22,51): error C2065: 'matricula': undeclared identifier
C:\Users\FLP_F\source\repos\ProvaUm\ProvaUm\ProvaUm.cpp(25,23): warning C4018: '<': signed/unsigned mismatch
C:\Users\FLP_F\source\repos\ProvaUm\ProvaUm\ProvaUm.cpp(27,22): error C2065: 'matricula': undeclared identifier
C:\Users\FLP_F\source\repos\ProvaUm\ProvaUm\ProvaUm.cpp(31,28): error C2039: 'elements': is not a member of 'Pilha<int>'
C:\Users\FLP_F\source\repos\ProvaUm\ProvaUm\ProvaUm.cpp(11): message : see declaration of 'Pilha<int>'
C:\Users\FLP_F\source\repos\ProvaUm\ProvaUm\ProvaUm.cpp(35,28): error C2039: 'elements': is not a member of 'Pilha<int>'
C:\Users\FLP_F\source\repos\ProvaUm\ProvaUm\ProvaUm.cpp(11): message : see declaration of 'Pilha<int>'
C:\Users\FLP_F\source\repos\ProvaUm\ProvaUm\ProvaUm.cpp(38,23): warning C4018: '<': signed/unsigned mismatch
C:\Users\FLP_F\source\repos\ProvaUm\ProvaUm\ProvaUm.cpp(40,27): warning C4018: '<': signed/unsigned mismatch
C:\Users\FLP_F\source\repos\ProvaUm\ProvaUm\ProvaUm.cpp(42,19): error C2039: 'elements': is not a member of 'Pilha<int>'
C:\Users\FLP_F\source\repos\ProvaUm\ProvaUm\ProvaUm.cpp(11): message : see declaration of 'Pilha<int>'
C:\Users\FLP_F\source\repos\ProvaUm\ProvaUm\ProvaUm.cpp(42,35): error C2039: 'elements': is not a member of 'Pilha<int>'
C:\Users\FLP_F\source\repos\ProvaUm\ProvaUm\ProvaUm.cpp(11): message : see declaration of 'Pilha<int>'
C:\Users\FLP_F\source\repos\ProvaUm\ProvaUm\ProvaUm.cpp(44,34): error C2039: 'elements': is not a member of 'Pilha<int>'
C:\Users\FLP_F\source\repos\ProvaUm\ProvaUm\ProvaUm.cpp(11): message : see declaration of 'Pilha<int>'
C:\Users\FLP_F\source\repos\ProvaUm\ProvaUm\ProvaUm.cpp(45,19): error C2039: 'elements': is not a member of 'Pilha<int>'
C:\Users\FLP_F\source\repos\ProvaUm\ProvaUm\ProvaUm.cpp(11): message : see declaration of 'Pilha<int>'
C:\Users\FLP_F\source\repos\ProvaUm\ProvaUm\ProvaUm.cpp(45,39): error C2039: 'elements': is not a member of 'Pilha<int>'
C:\Users\FLP_F\source\repos\ProvaUm\ProvaUm\ProvaUm.cpp(11): message : see declaration of 'Pilha<int>'
C:\Users\FLP_F\source\repos\ProvaUm\ProvaUm\ProvaUm.cpp(46,19): error C2039: 'elements': is not a member of 'Pilha<int>'
C:\Users\FLP_F\source\repos\ProvaUm\ProvaUm\ProvaUm.cpp(11): message : see declaration of 'Pilha<int>'
C:\Users\FLP_F\source\repos\ProvaUm\ProvaUm\ProvaUm.cpp(52,23): warning C4018: '<': signed/unsigned mismatch
C:\Users\FLP_F\source\repos\ProvaUm\ProvaUm\ProvaUm.cpp(64,23): warning C4018: '<': signed/unsigned mismatch
C:\Users\FLP_F\source\repos\ProvaUm\ProvaUm\ProvaUm.cpp(66,22): error C2065: 'matricula': undeclared identifier
C:\Users\FLP_F\source\repos\ProvaUm\ProvaUm\ProvaUm.cpp(69,23): warning C4018: '<': signed/unsigned mismatch
C:\Users\FLP_F\source\repos\ProvaUm\ProvaUm\ProvaUm.cpp(71,27): warning C4018: '<': signed/unsigned mismatch
C:\Users\FLP_F\source\repos\ProvaUm\ProvaUm\ProvaUm.cpp(73,19): error C2039: 'elements': is not a member of 'Pilha<int>'
C:\Users\FLP_F\source\repos\ProvaUm\ProvaUm\ProvaUm.cpp(11): message : see declaration of 'Pilha<int>'
C:\Users\FLP_F\source\repos\ProvaUm\ProvaUm\ProvaUm.cpp(73,35): error C2039: 'elements': is not a member of 'Pilha<int>'
C:\Users\FLP_F\source\repos\ProvaUm\ProvaUm\ProvaUm.cpp(11): message : see declaration of 'Pilha<int>'
C:\Users\FLP_F\source\repos\ProvaUm\ProvaUm\ProvaUm.cpp(75,34): error C2039: 'elements': is not a member of 'Pilha<int>'
C:\Users\FLP_F\source\repos\ProvaUm\ProvaUm\ProvaUm.cpp(11): message : see declaration of 'Pilha<int>'
C:\Users\FLP_F\source\repos\ProvaUm\ProvaUm\ProvaUm.cpp(76,19): error C2039: 'elements': is not a member of 'Pilha<int>'
C:\Users\FLP_F\source\repos\ProvaUm\ProvaUm\ProvaUm.cpp(11): message : see declaration of 'Pilha<int>'
C:\Users\FLP_F\source\repos\ProvaUm\ProvaUm\ProvaUm.cpp(76,39): error C2039: 'elements': is not a member of 'Pilha<int>'
C:\Users\FLP_F\source\repos\ProvaUm\ProvaUm\ProvaUm.cpp(11): message : see declaration of 'Pilha<int>'
C:\Users\FLP_F\source\repos\ProvaUm\ProvaUm\ProvaUm.cpp(77,19): error C2039: 'elements': is not a member of 'Pilha<int>'
C:\Users\FLP_F\source\repos\ProvaUm\ProvaUm\ProvaUm.cpp(11): message : see declaration of 'Pilha<int>'
